<?xml version="1.0" encoding="UTF-8"?>
<!-- Generated by org.testng.reporters.JUnitReportReporter -->
<testsuite hostname="DESKTOP-9PNSQE2" failures="0" tests="10" name="dataProviderUtility.DataProviderTest" time="0.087" errors="0" timestamp="2026-01-27T16:25:15 IST" skipped="0">
  <testcase classname="dataProviderUtility.DataProviderTest" name="dataFromExcelTest" time="0.005"/>
  <testcase classname="dataProviderUtility.DataProviderTest" name="dataFromExcelTest" time="0.007"/>
  <testcase classname="dataProviderUtility.DataProviderTest" name="dataFromExcelTest" time="0.004"/>
  <testcase classname="dataProviderUtility.DataProviderTest" name="dataFromExcelTest" time="0.004"/>
  <testcase classname="dataProviderUtility.DataProviderTest" name="dataFromExcelTest" time="0.032"/>
  <testcase classname="dataProviderUtility.DataProviderTest" name="dataFromExcelTest" time="0.010"/>
  <testcase classname="dataProviderUtility.DataProviderTest" name="dataFromExcelTest" time="0.009"/>
  <testcase classname="dataProviderUtility.DataProviderTest" name="dataFromExcelTest" time="0.004"/>
  <testcase classname="dataProviderUtility.DataProviderTest" name="dataFromExcelTest" time="0.005"/>
  <testcase classname="dataProviderUtility.DataProviderTest" name="dataFromExcelTest" time="0.007"/>
</testsuite> <!-- dataProviderUtility.DataProviderTest -->
