<?xml version="1.0" encoding="UTF-8"?>
<!-- Generated by org.testng.reporters.JUnitReportReporter -->
<testsuite hostname="DESKTOP-9PNSQE2" failures="0" tests="3" name="dataProviderUtility.DataProviderForUnits" time="0.043" errors="0" timestamp="2026-01-27T15:53:26 IST" skipped="0">
  <testcase classname="dataProviderUtility.DataProviderForUnits" name="unitsDataFromDataProviderTest" time="0.005"/>
  <testcase classname="dataProviderUtility.DataProviderForUnits" name="unitsDataFromDataProviderTest" time="0.034"/>
  <testcase classname="dataProviderUtility.DataProviderForUnits" name="unitsDataFromDataProviderTest" time="0.004"/>
</testsuite> <!-- dataProviderUtility.DataProviderForUnits -->
