<?xml version="1.0" encoding="UTF-8"?>
<!-- Generated by org.testng.reporters.JUnitReportReporter -->
<testsuite hostname="DESKTOP-9PNSQE2" failures="0" tests="3" name="dataProvider.CreateContact_DataProviderTest" time="0.026" errors="0" timestamp="2026-01-21T09:46:30 IST" skipped="0">
  <testcase classname="dataProvider.CreateContact_DataProviderTest" name="createContactTest" time="0.017"/>
  <testcase classname="dataProvider.CreateContact_DataProviderTest" name="createContactTest" time="0.006"/>
  <testcase classname="dataProvider.CreateContact_DataProviderTest" name="createContactTest" time="0.003"/>
</testsuite> <!-- dataProvider.CreateContact_DataProviderTest -->
