<?xml version="1.0" encoding="UTF-8"?>
<!-- Generated by org.testng.reporters.JUnitReportReporter -->
<testsuite hostname="DESKTOP-9PNSQE2" failures="0" tests="3" name="dataProvider.DataProviderTest" time="0.029" errors="0" timestamp="2026-01-27T15:41:40 IST" skipped="0">
  <testcase classname="dataProvider.DataProviderTest" name="unitsDataFromDataProviderTest" time="0.020"/>
  <testcase classname="dataProvider.DataProviderTest" name="unitsDataFromDataProviderTest" time="0.004"/>
  <testcase classname="dataProvider.DataProviderTest" name="unitsDataFromDataProviderTest" time="0.005"/>
</testsuite> <!-- dataProvider.DataProviderTest -->
